Microsoft HTML Help Compiler 4.74.8702

Compiling c:\Programming\C#\ChameleonCoder\Documentation\Documentation.chm

img\logo.png
topics\Introduction.htm
Contents.hhc
Index.hhk
topics\Portability & command line.htm
topics\QuickStart.htm
topics\Requirements.htm
topics\Concepts.htm
topics\Developers.htm
topics\resource syntax.htm
topics\Extensibility.htm
img\WelcomePicture.jpg
img\open_cmd.png
img\open_dialog.png
img\screen_welcome.png
img\ribbon_menu.png
img\treeitem.png
img\resource_list.png
img\resource_list_settings.png
img\resource_view.png
img\breadcrumb1.png
img\breadcrumb2.png
img\breadcrumb3.png
css\styles_standard.css

Compile time: 0 minutes, 0 seconds
10	Topics
22	Local links
0	Internet links
12	Graphics


Created c:\Programming\C#\ChameleonCoder\Documentation\Documentation.chm, 844,723 bytes
Compression decreased file by 152,332 bytes.
